<?xml version="1.0" encoding="UTF-8"?>
<testsuite xmlns:xsi="http://www.w3.org/2001/XMLSchema-instance" xsi:noNamespaceSchemaLocation="https://maven.apache.org/surefire/maven-surefire-plugin/xsd/surefire-test-report-3.0.xsd" version="3.0" name="org.json.simple.TestJson" time="0.047" tests="7" errors="0" skipped="0" failures="0">
  <properties>
    <property name="java.specification.version" value="20"/>
    <property name="sun.jnu.encoding" value="UTF-8"/>
    <property name="java.class.path" value="/home/re/Documents/darC/1401_2/Az SW/SWE_lab_3/target/test-classes:/home/re/Documents/darC/1401_2/Az SW/SWE_lab_3/target/classes:/home/re/.m2/repository/junit/junit/4.10/junit-4.10.jar:/home/re/.m2/repository/org/hamcrest/hamcrest-core/1.1/hamcrest-core-1.1.jar:"/>
    <property name="java.vm.vendor" value="Oracle Corporation"/>
    <property name="sun.arch.data.model" value="64"/>
    <property name="java.vendor.url" value="https://java.oracle.com/"/>
    <property name="os.name" value="Linux"/>
    <property name="java.vm.specification.version" value="20"/>
    <property name="sun.java.launcher" value="SUN_STANDARD"/>
    <property name="user.country" value="US"/>
    <property name="sun.boot.library.path" value="/home/re/.jdks/jdk-20/lib"/>
    <property name="sun.java.command" value="/home/re/Documents/darC/1401_2/Az SW/SWE_lab_3/target/surefire/surefirebooter-20230414145325269_3.jar /home/re/Documents/darC/1401_2/Az SW/SWE_lab_3/target/surefire 2023-04-14T14-53-25_171-jvmRun1 surefire-20230414145325269_1tmp surefire_0-20230414145325269_2tmp"/>
    <property name="jdk.debug" value="release"/>
    <property name="surefire.test.class.path" value="/home/re/Documents/darC/1401_2/Az SW/SWE_lab_3/target/test-classes:/home/re/Documents/darC/1401_2/Az SW/SWE_lab_3/target/classes:/home/re/.m2/repository/junit/junit/4.10/junit-4.10.jar:/home/re/.m2/repository/org/hamcrest/hamcrest-core/1.1/hamcrest-core-1.1.jar:"/>
    <property name="sun.cpu.endian" value="little"/>
    <property name="user.home" value="/home/re"/>
    <property name="user.language" value="en"/>
    <property name="java.specification.vendor" value="Oracle Corporation"/>
    <property name="java.version.date" value="2023-03-21"/>
    <property name="java.home" value="/home/re/.jdks/jdk-20"/>
    <property name="file.separator" value="/"/>
    <property name="basedir" value="/home/re/Documents/darC/1401_2/Az SW/SWE_lab_3"/>
    <property name="java.vm.compressedOopsMode" value="32-bit"/>
    <property name="line.separator" value="&#10;"/>
    <property name="java.specification.name" value="Java Platform API Specification"/>
    <property name="java.vm.specification.vendor" value="Oracle Corporation"/>
    <property name="surefire.real.class.path" value="/home/re/Documents/darC/1401_2/Az SW/SWE_lab_3/target/surefire/surefirebooter-20230414145325269_3.jar"/>
    <property name="sun.management.compiler" value="HotSpot 64-Bit Tiered Compilers"/>
    <property name="java.runtime.version" value="20+36-2344"/>
    <property name="user.name" value="re"/>
    <property name="stdout.encoding" value="UTF-8"/>
    <property name="path.separator" value=":"/>
    <property name="os.version" value="5.19.0-38-generic"/>
    <property name="java.runtime.name" value="OpenJDK Runtime Environment"/>
    <property name="file.encoding" value="UTF-8"/>
    <property name="java.vm.name" value="OpenJDK 64-Bit Server VM"/>
    <property name="localRepository" value="/home/re/.m2/repository"/>
    <property name="java.vendor.url.bug" value="https://bugreport.java.com/bugreport/"/>
    <property name="java.io.tmpdir" value="/tmp"/>
    <property name="idea.version" value="2023.1"/>
    <property name="java.version" value="20"/>
    <property name="user.dir" value="/home/re/Documents/darC/1401_2/Az SW/SWE_lab_3"/>
    <property name="os.arch" value="amd64"/>
    <property name="java.vm.specification.name" value="Java Virtual Machine Specification"/>
    <property name="native.encoding" value="UTF-8"/>
    <property name="java.library.path" value="/usr/java/packages/lib:/usr/lib64:/lib64:/lib:/usr/lib"/>
    <property name="java.vm.info" value="mixed mode, sharing"/>
    <property name="stderr.encoding" value="UTF-8"/>
    <property name="java.vendor" value="Oracle Corporation"/>
    <property name="java.vm.version" value="20+36-2344"/>
    <property name="sun.io.unicode.encoding" value="UnicodeLittle"/>
    <property name="java.class.version" value="64.0"/>
  </properties>
  <testcase name="testDecodeArray" classname="org.json.simple.TestJson" time="0.012">
    <system-out><![CDATA[=======decode array=======
======the 2nd element of array======
10

]]></system-out>
  </testcase>
  <testcase name="testJSONArrayCollection" classname="org.json.simple.TestJson" time="0"/>
  <testcase name="testEscape" classname="org.json.simple.TestJson" time="0">
    <system-out><![CDATA[37
Apply escaping.
44
]]></system-out>
  </testcase>
  <testcase name="testEncodeMapToString" classname="org.json.simple.TestJson" time="0">
    <system-out><![CDATA[=======encode hashmap=======
]]></system-out>
  </testcase>
  <testcase name="testEncodeArrayOfObjectsToString" classname="org.json.simple.TestJson" time="0">
    <system-out><![CDATA[=======encode array of objects=======
[1.0,2,null,4.0,5]
]]></system-out>
  </testcase>
  <testcase name="testEncodeArrayOfBooleansToString" classname="org.json.simple.TestJson" time="0.001">
    <system-out><![CDATA[=======encode array of objects=======
[true,false,true]
]]></system-out>
  </testcase>
  <testcase name="testJSONValueEncode" classname="org.json.simple.TestJson" time="0">
    <system-out><![CDATA[=======encode array of objects=======
[1,2,3,4,5]
]]></system-out>
  </testcase>
</testsuite>